<?xml version="1.0" encoding="UTF-8"?>
<!-- Generated by org.testng.reporters.JUnitReportReporter -->
<testsuite hostname="R2D2" name="org.practise.sprint5_2.MavenTest" tests="2" failures="0" timestamp="19 Apr 2018 14:36:12 GMT" time="470.461" errors="0">
  <testcase name="testTwo" time="440.561" classname="org.practise.sprint5_2.MavenTest"/>
  <testcase name="testOne" time="29.900" classname="org.practise.sprint5_2.MavenTest"/>
</testsuite> <!-- org.practise.sprint5_2.MavenTest -->
