<?xml version="1.0" encoding="UTF-8"?>
<!-- Generated by org.testng.reporters.JUnitReportReporter -->
<testsuite hostname="R2D2" name="org.practise.sprint5_2.MavenTest2" tests="3" failures="0" timestamp="15 Apr 2018 10:49:43 GMT" time="49.739" errors="0">
  <testcase name="test2Four" time="10.714" classname="org.practise.sprint5_2.MavenTest2"/>
  <testcase name="test2Two" time="17.161" classname="org.practise.sprint5_2.MavenTest2"/>
  <testcase name="test2Three" time="21.864" classname="org.practise.sprint5_2.MavenTest2"/>
</testsuite> <!-- org.practise.sprint5_2.MavenTest2 -->
